<?xml version="1.0" encoding="UTF-8"?>
<!-- Generated by org.testng.reporters.JUnitXMLReporter -->
<testsuite ignored="0" hostname="DESKTOP-UBASVQK" failures="0" tests="4" name="Test" time="8.504" errors="0" timestamp="2022-04-03T18:32:46 IST">
  <testcase classname="Regression.Tablets" name="@BeforeMethod settings" time="8.201">
    <failure type="org.openqa.selenium.SessionNotCreatedException" message="session not created: This version of MSEdgeDriver only supports MSEdge version 98
Current browser version is 100.0.1185.29 with binary path C:\Program Files (x86)\Microsoft\Edge\Application\msedge.exe
Build info: version: &amp;apos;3.141.59&amp;apos;, revision: &amp;apos;e82be7d358&amp;apos;, time: &amp;apos;2018-11-14T08:17:03&amp;apos;
System info: host: &amp;apos;DESKTOP-UBASVQK&amp;apos;, ip: &amp;apos;192.168.29.151&amp;apos;, os.name: &amp;apos;Windows 10&amp;apos;, os.arch: &amp;apos;amd64&amp;apos;, os.version: &amp;apos;10.0&amp;apos;, java.version: &amp;apos;17.0.1&amp;apos;
Driver info: driver.version: EdgeDriver
remote stacktrace: Backtrace:
	Microsoft::Applications::Events::EventProperties::unpack [0x00007FF707BF33C2+22610]
	Microsoft::Applications::Events::time_ticks_t::time_ticks_t [0x00007FF707B31C92+503778]
	Ordinal0 [0x00007FF707630FA5+659365]
	Ordinal0 [0x00007FF70765B8EC+833772]
	Ordinal0 [0x00007FF707656ECA+814794]
	Ordinal0 [0x00007FF707652842+796738]
	Ordinal0 [0x00007FF70768C6C6+1033926]
	Ordinal0 [0x00007FF707686DF3+1011187]
	Ordinal0 [0x00007FF70765DE97+843415]
	Ordinal0 [0x00007FF70765F368+848744]
	Microsoft::Applications::Events::EventProperty::to_string [0x00007FF7077F8BC8+848072]
	Microsoft::Applications::Events::EventProperty::EventProperty [0x00007FF7078EAB9D+39117]
	Microsoft::Applications::Events::EventProperty::EventProperty [0x00007FF7078EDE12+52034]
	Microsoft::Applications::Events::EventProperty::to_string [0x00007FF707730906+28166]
	Microsoft::Applications::Events::time_ticks_t::time_ticks_t [0x00007FF707B38921+531569]
	Microsoft::Applications::Events::time_ticks_t::time_ticks_t [0x00007FF707B3DE04+553300]
	Microsoft::Applications::Events::time_ticks_t::time_ticks_t [0x00007FF707B3DF95+553701]
	Microsoft::Applications::Events::EventProperty::to_string [0x00007FF707806650+904016]
	BaseThreadInitThunk [0x00007FFE68D87034+20]
	RtlUserThreadStart [0x00007FFE6A3A2651+33]
">
      <![CDATA[org.openqa.selenium.SessionNotCreatedException: session not created: This version of MSEdgeDriver only supports MSEdge version 98
Current browser version is 100.0.1185.29 with binary path C:\Program Files (x86)\Microsoft\Edge\Application\msedge.exe
Build info: version: '3.141.59', revision: 'e82be7d358', time: '2018-11-14T08:17:03'
System info: host: 'DESKTOP-UBASVQK', ip: '192.168.29.151', os.name: 'Windows 10', os.arch: 'amd64', os.version: '10.0', java.version: '17.0.1'
Driver info: driver.version: EdgeDriver
remote stacktrace: Backtrace:
Microsoft::Applications::Events::EventProperties::unpack [0x00007FF707BF33C2+22610]
Microsoft::Applications::Events::time_ticks_t::time_ticks_t [0x00007FF707B31C92+503778]
Ordinal0 [0x00007FF707630FA5+659365]
Ordinal0 [0x00007FF70765B8EC+833772]
Ordinal0 [0x00007FF707656ECA+814794]
Ordinal0 [0x00007FF707652842+796738]
Ordinal0 [0x00007FF70768C6C6+1033926]
Ordinal0 [0x00007FF707686DF3+1011187]
Ordinal0 [0x00007FF70765DE97+843415]
Ordinal0 [0x00007FF70765F368+848744]
Microsoft::Applications::Events::EventProperty::to_string [0x00007FF7077F8BC8+848072]
Microsoft::Applications::Events::EventProperty::EventProperty [0x00007FF7078EAB9D+39117]
Microsoft::Applications::Events::EventProperty::EventProperty [0x00007FF7078EDE12+52034]
Microsoft::Applications::Events::EventProperty::to_string [0x00007FF707730906+28166]
Microsoft::Applications::Events::time_ticks_t::time_ticks_t [0x00007FF707B38921+531569]
Microsoft::Applications::Events::time_ticks_t::time_ticks_t [0x00007FF707B3DE04+553300]
Microsoft::Applications::Events::time_ticks_t::time_ticks_t [0x00007FF707B3DF95+553701]
Microsoft::Applications::Events::EventProperty::to_string [0x00007FF707806650+904016]
BaseThreadInitThunk [0x00007FFE68D87034+20]
RtlUserThreadStart [0x00007FFE6A3A2651+33]

at org.openqa.selenium.remote.W3CHandshakeResponse.lambda$errorHandler$0(W3CHandshakeResponse.java:62)
at org.openqa.selenium.remote.HandshakeResponse.lambda$getResponseFunction$0(HandshakeResponse.java:30)
at org.openqa.selenium.remote.ProtocolHandshake.lambda$createSession$0(ProtocolHandshake.java:126)
at java.base/java.util.stream.ReferencePipeline$3$1.accept(ReferencePipeline.java:197)
at java.base/java.util.Spliterators$ArraySpliterator.tryAdvance(Spliterators.java:1002)
at java.base/java.util.stream.ReferencePipeline.forEachWithCancel(ReferencePipeline.java:129)
at java.base/java.util.stream.AbstractPipeline.copyIntoWithCancel(AbstractPipeline.java:527)
at java.base/java.util.stream.AbstractPipeline.copyInto(AbstractPipeline.java:513)
at java.base/java.util.stream.AbstractPipeline.wrapAndCopyInto(AbstractPipeline.java:499)
at java.base/java.util.stream.FindOps$FindOp.evaluateSequential(FindOps.java:150)
at java.base/java.util.stream.AbstractPipeline.evaluate(AbstractPipeline.java:234)
at java.base/java.util.stream.ReferencePipeline.findFirst(ReferencePipeline.java:647)
at org.openqa.selenium.remote.ProtocolHandshake.createSession(ProtocolHandshake.java:128)
at org.openqa.selenium.remote.ProtocolHandshake.createSession(ProtocolHandshake.java:74)
at org.openqa.selenium.remote.HttpCommandExecutor.execute(HttpCommandExecutor.java:136)
at org.openqa.selenium.remote.service.DriverCommandExecutor.execute(DriverCommandExecutor.java:83)
at org.openqa.selenium.remote.RemoteWebDriver.execute(RemoteWebDriver.java:552)
at org.openqa.selenium.remote.RemoteWebDriver.startSession(RemoteWebDriver.java:213)
at org.openqa.selenium.remote.RemoteWebDriver.<init>(RemoteWebDriver.java:131)
at org.openqa.selenium.edge.EdgeDriver.<init>(EdgeDriver.java:141)
at org.openqa.selenium.edge.EdgeDriver.<init>(EdgeDriver.java:96)
at Utility.Basenew.openapplication(Basenew.java:47)
at ReusableFunctions.Funtions.login(Funtions.java:39)
at Regression.Tablets.settings(Tablets.java:23)
at java.base/java.util.concurrent.ThreadPoolExecutor.runWorker(ThreadPoolExecutor.java:1136)
at java.base/java.util.concurrent.ThreadPoolExecutor$Worker.run(ThreadPoolExecutor.java:635)
at java.base/java.lang.Thread.run(Thread.java:833)
... Removed 21 stack frames]]>
    </failure>
  </testcase> <!-- @BeforeMethod settings -->
  <testcase classname="Regression.Home" name="@BeforeMethod settings" time="8.217">
    <failure type="org.openqa.selenium.SessionNotCreatedException" message="session not created: This version of MSEdgeDriver only supports MSEdge version 98
Current browser version is 100.0.1185.29 with binary path C:\Program Files (x86)\Microsoft\Edge\Application\msedge.exe
Build info: version: &amp;apos;3.141.59&amp;apos;, revision: &amp;apos;e82be7d358&amp;apos;, time: &amp;apos;2018-11-14T08:17:03&amp;apos;
System info: host: &amp;apos;DESKTOP-UBASVQK&amp;apos;, ip: &amp;apos;192.168.29.151&amp;apos;, os.name: &amp;apos;Windows 10&amp;apos;, os.arch: &amp;apos;amd64&amp;apos;, os.version: &amp;apos;10.0&amp;apos;, java.version: &amp;apos;17.0.1&amp;apos;
Driver info: driver.version: EdgeDriver
remote stacktrace: Backtrace:
	Microsoft::Applications::Events::EventProperties::unpack [0x00007FF707BF33C2+22610]
	Microsoft::Applications::Events::time_ticks_t::time_ticks_t [0x00007FF707B31C92+503778]
	Ordinal0 [0x00007FF707630FA5+659365]
	Ordinal0 [0x00007FF70765B8EC+833772]
	Ordinal0 [0x00007FF707656ECA+814794]
	Ordinal0 [0x00007FF707652842+796738]
	Ordinal0 [0x00007FF70768C6C6+1033926]
	Ordinal0 [0x00007FF707686DF3+1011187]
	Ordinal0 [0x00007FF70765DE97+843415]
	Ordinal0 [0x00007FF70765F368+848744]
	Microsoft::Applications::Events::EventProperty::to_string [0x00007FF7077F8BC8+848072]
	Microsoft::Applications::Events::EventProperty::EventProperty [0x00007FF7078EAB9D+39117]
	Microsoft::Applications::Events::EventProperty::EventProperty [0x00007FF7078EDE12+52034]
	Microsoft::Applications::Events::EventProperty::to_string [0x00007FF707730906+28166]
	Microsoft::Applications::Events::time_ticks_t::time_ticks_t [0x00007FF707B38921+531569]
	Microsoft::Applications::Events::time_ticks_t::time_ticks_t [0x00007FF707B3DE04+553300]
	Microsoft::Applications::Events::time_ticks_t::time_ticks_t [0x00007FF707B3DF95+553701]
	Microsoft::Applications::Events::EventProperty::to_string [0x00007FF707806650+904016]
	BaseThreadInitThunk [0x00007FFE68D87034+20]
	RtlUserThreadStart [0x00007FFE6A3A2651+33]
">
      <![CDATA[org.openqa.selenium.SessionNotCreatedException: session not created: This version of MSEdgeDriver only supports MSEdge version 98
Current browser version is 100.0.1185.29 with binary path C:\Program Files (x86)\Microsoft\Edge\Application\msedge.exe
Build info: version: '3.141.59', revision: 'e82be7d358', time: '2018-11-14T08:17:03'
System info: host: 'DESKTOP-UBASVQK', ip: '192.168.29.151', os.name: 'Windows 10', os.arch: 'amd64', os.version: '10.0', java.version: '17.0.1'
Driver info: driver.version: EdgeDriver
remote stacktrace: Backtrace:
Microsoft::Applications::Events::EventProperties::unpack [0x00007FF707BF33C2+22610]
Microsoft::Applications::Events::time_ticks_t::time_ticks_t [0x00007FF707B31C92+503778]
Ordinal0 [0x00007FF707630FA5+659365]
Ordinal0 [0x00007FF70765B8EC+833772]
Ordinal0 [0x00007FF707656ECA+814794]
Ordinal0 [0x00007FF707652842+796738]
Ordinal0 [0x00007FF70768C6C6+1033926]
Ordinal0 [0x00007FF707686DF3+1011187]
Ordinal0 [0x00007FF70765DE97+843415]
Ordinal0 [0x00007FF70765F368+848744]
Microsoft::Applications::Events::EventProperty::to_string [0x00007FF7077F8BC8+848072]
Microsoft::Applications::Events::EventProperty::EventProperty [0x00007FF7078EAB9D+39117]
Microsoft::Applications::Events::EventProperty::EventProperty [0x00007FF7078EDE12+52034]
Microsoft::Applications::Events::EventProperty::to_string [0x00007FF707730906+28166]
Microsoft::Applications::Events::time_ticks_t::time_ticks_t [0x00007FF707B38921+531569]
Microsoft::Applications::Events::time_ticks_t::time_ticks_t [0x00007FF707B3DE04+553300]
Microsoft::Applications::Events::time_ticks_t::time_ticks_t [0x00007FF707B3DF95+553701]
Microsoft::Applications::Events::EventProperty::to_string [0x00007FF707806650+904016]
BaseThreadInitThunk [0x00007FFE68D87034+20]
RtlUserThreadStart [0x00007FFE6A3A2651+33]

at org.openqa.selenium.remote.W3CHandshakeResponse.lambda$errorHandler$0(W3CHandshakeResponse.java:62)
at org.openqa.selenium.remote.HandshakeResponse.lambda$getResponseFunction$0(HandshakeResponse.java:30)
at org.openqa.selenium.remote.ProtocolHandshake.lambda$createSession$0(ProtocolHandshake.java:126)
at java.base/java.util.stream.ReferencePipeline$3$1.accept(ReferencePipeline.java:197)
at java.base/java.util.Spliterators$ArraySpliterator.tryAdvance(Spliterators.java:1002)
at java.base/java.util.stream.ReferencePipeline.forEachWithCancel(ReferencePipeline.java:129)
at java.base/java.util.stream.AbstractPipeline.copyIntoWithCancel(AbstractPipeline.java:527)
at java.base/java.util.stream.AbstractPipeline.copyInto(AbstractPipeline.java:513)
at java.base/java.util.stream.AbstractPipeline.wrapAndCopyInto(AbstractPipeline.java:499)
at java.base/java.util.stream.FindOps$FindOp.evaluateSequential(FindOps.java:150)
at java.base/java.util.stream.AbstractPipeline.evaluate(AbstractPipeline.java:234)
at java.base/java.util.stream.ReferencePipeline.findFirst(ReferencePipeline.java:647)
at org.openqa.selenium.remote.ProtocolHandshake.createSession(ProtocolHandshake.java:128)
at org.openqa.selenium.remote.ProtocolHandshake.createSession(ProtocolHandshake.java:74)
at org.openqa.selenium.remote.HttpCommandExecutor.execute(HttpCommandExecutor.java:136)
at org.openqa.selenium.remote.service.DriverCommandExecutor.execute(DriverCommandExecutor.java:83)
at org.openqa.selenium.remote.RemoteWebDriver.execute(RemoteWebDriver.java:552)
at org.openqa.selenium.remote.RemoteWebDriver.startSession(RemoteWebDriver.java:213)
at org.openqa.selenium.remote.RemoteWebDriver.<init>(RemoteWebDriver.java:131)
at org.openqa.selenium.edge.EdgeDriver.<init>(EdgeDriver.java:141)
at org.openqa.selenium.edge.EdgeDriver.<init>(EdgeDriver.java:96)
at Utility.Basenew.openapplication(Basenew.java:47)
at ReusableFunctions.Funtions.login(Funtions.java:39)
at Regression.Home.settings(Home.java:23)
at java.base/java.util.concurrent.ThreadPoolExecutor.runWorker(ThreadPoolExecutor.java:1136)
at java.base/java.util.concurrent.ThreadPoolExecutor$Worker.run(ThreadPoolExecutor.java:635)
at java.base/java.lang.Thread.run(Thread.java:833)
... Removed 21 stack frames]]>
    </failure>
  </testcase> <!-- @BeforeMethod settings -->
  <testcase classname="Regression.Tablets" name="@AfterMethod closebrowser" time="-1.648990966606E9">
    <skipped/>
  </testcase> <!-- @AfterMethod closebrowser -->
  <testcase classname="Regression.Home" name="@AfterMethod closebrowser" time="-1.648990966619E9">
    <skipped/>
  </testcase> <!-- @AfterMethod closebrowser -->
  <testcase classname="Regression.Home" name="@BeforeMethod settings" time="-1.648990966624E9">
    <skipped/>
  </testcase> <!-- @BeforeMethod settings -->
  <testcase classname="Regression.Home" name="@AfterMethod closebrowser" time="-1.648990966644E9">
    <skipped/>
  </testcase> <!-- @AfterMethod closebrowser -->
  <testcase classname="Regression.Home" name="@BeforeMethod settings" time="-1.648990966649E9">
    <skipped/>
  </testcase> <!-- @BeforeMethod settings -->
  <testcase classname="Regression.Home" name="@AfterMethod closebrowser" time="-1.648990966677E9">
    <skipped/>
  </testcase> <!-- @AfterMethod closebrowser -->
  <testcase classname="Regression.Tablets" name="Tablets_TC01_Verify_the_message_on_tablet_page" time="0.0">
    <skipped/>
  </testcase> <!-- Tablets_TC01_Verify_the_message_on_tablet_page -->
  <testcase classname="Regression.Home" name="Home_TC01_Verify_the_message" time="0.0">
    <skipped/>
  </testcase> <!-- Home_TC01_Verify_the_message -->
  <testcase classname="Regression.Home" name="Home_TC02_Verify_desktop_option" time="0.0">
    <skipped/>
  </testcase> <!-- Home_TC02_Verify_desktop_option -->
  <testcase classname="Regression.Home" name="Home_TC03_Verify_Laptops_and_Notebooks_option" time="0.0">
    <skipped/>
  </testcase> <!-- Home_TC03_Verify_Laptops_and_Notebooks_option -->
</testsuite> <!-- Test -->
