<?xml version="1.0" encoding="UTF-8"?>
<!-- Generated by org.testng.reporters.JUnitXMLReporter -->
<testsuite ignored="0" hostname="DESKTOP-UBASVQK" failures="0" tests="4" name="Home" time="48.044" errors="0" timestamp="2022-04-03T18:35:29 IST">
  <testcase classname="Regression.Home" name="Home_TC01_Verify_the_message" time="0.162"/>
  <testcase classname="Regression.Home" name="Home_TC02_Verify_desktop_option" time="0.426"/>
  <testcase classname="Regression.Home" name="Home_TC03_Verify_Laptops_and_Notebooks_option" time="0.378"/>
  <testcase classname="Regression.Tablets" name="Tablets_TC01_Verify_the_message_on_tablet_page" time="2.605"/>
</testsuite> <!-- Home -->
