<?xml version="1.0" encoding="UTF-8"?>
<!-- Generated by org.testng.reporters.JUnitXMLReporter -->
<testsuite ignored="0" hostname="DESKTOP-UBASVQK" failures="0" tests="4" name="Home" time="63.3" errors="0" timestamp="2022-03-02T23:35:23 IST">
  <testcase classname="Regression.Home" name="Home_TC01_Verify_the_message" time="0.183"/>
  <testcase classname="Regression.Home" name="Home_TC02_Verify_desktop_option" time="0.488"/>
  <testcase classname="Regression.Home" name="Home_TC03_Verify_Laptops_and_Notebooks_option" time="0.428"/>
  <testcase classname="Regression.Tablets" name="Tablets_TC01_Verify_the_message_on_tablet_page" time="3.441"/>
</testsuite> <!-- Home -->
