<?xml version="1.0" encoding="UTF-8"?>
<!-- Generated by org.testng.reporters.JUnitXMLReporter -->
<testsuite ignored="0" hostname="DESKTOP-UBASVQK" failures="2" tests="2" name="Test" time="0.267" errors="0" timestamp="2022-02-24T20:38:57 IST">
  <testcase classname="Regression.Home" name="@AfterTest closebrowser" time="0.003">
    <failure type="java.lang.NullPointerException" message="Cannot invoke &amp;quot;org.openqa.selenium.WebDriver.quit()&amp;quot; because &amp;quot;Regression.Home.driver&amp;quot; is null">
      <![CDATA[java.lang.NullPointerException: Cannot invoke "org.openqa.selenium.WebDriver.quit()" because "Regression.Home.driver" is null
at Regression.Home.closebrowser(Home.java:30)
... Removed 24 stack frames]]>
    </failure>
  </testcase> <!-- @AfterTest closebrowser -->
  <testcase classname="Regression.Home" name="Verify_the_message" time="0.053">
    <failure type="java.lang.NullPointerException" message="Cannot invoke &amp;quot;org.openqa.selenium.WebDriver.manage()&amp;quot; because &amp;quot;Utility.Basenew.driver&amp;quot; is null">
      <![CDATA[java.lang.NullPointerException: Cannot invoke "org.openqa.selenium.WebDriver.manage()" because "Utility.Basenew.driver" is null
at Utility.Basenew.openapplication(Basenew.java:43)
at ReusableFunctions.Funtions.login(Funtions.java:39)
at Regression.Home.Verify_the_message(Home.java:21)
at java.base/java.util.ArrayList.forEach(ArrayList.java:1511)
... Removed 27 stack frames]]>
    </failure>
  </testcase> <!-- Verify_the_message -->
  <testcase classname="Regression.Home" name="Verify_the_message" time="0.163">
    <failure type="java.lang.NullPointerException" message="Cannot invoke &amp;quot;org.openqa.selenium.TakesScreenshot.getScreenshotAs(org.openqa.selenium.OutputType)&amp;quot; because &amp;quot;driver&amp;quot; is null">
      <![CDATA[java.lang.NullPointerException: Cannot invoke "org.openqa.selenium.TakesScreenshot.getScreenshotAs(org.openqa.selenium.OutputType)" because "driver" is null
at Utility.Basenew.screenshot(Basenew.java:50)
at Regression.Listeners.onTestFailure(Listeners.java:55)
at java.base/java.util.ArrayList.forEach(ArrayList.java:1511)
... Removed 24 stack frames]]>
    </failure>
  </testcase> <!-- Verify_the_message -->
</testsuite> <!-- Test -->
