<?xml version="1.0" encoding="UTF-8"?>
<!-- Generated by org.testng.reporters.JUnitXMLReporter -->
<testsuite ignored="0" hostname="DESKTOP-UBASVQK" failures="1" tests="1" name="Test" time="11.311" errors="0" timestamp="31 Jan 2022 21:08:41 GMT">
  <testcase classname="Regression.Home" name="verify_the_message" time="10.195">
    <failure type="java.lang.AssertionError" message="expected [My Account] but found [My Account1]">
      <![CDATA[java.lang.AssertionError: expected [My Account] but found [My Account1]
at Regression.Home.verify_the_message(Home.java:18)
... Removed 31 stack frames]]>
    </failure>
  </testcase> <!-- verify_the_message -->
</testsuite> <!-- Test -->
