<?xml version="1.0" encoding="UTF-8"?>
<testng-results ignored="0" total="1" passed="1" failed="0" skipped="0">
  <reporter-output>
  </reporter-output>
  <suite started-at="2022-02-14T07:47:55Z" name="Suite" finished-at="2022-02-14T07:48:14Z" duration-ms="18990">
    <groups>
    </groups>
    <test started-at="2022-02-14T07:47:55Z" name="Test" finished-at="2022-02-14T07:48:14Z" duration-ms="18990">
      <class name="Regression.Home">
        <test-method signature="Verify_the_message()[pri:0, instance:Regression.Home@545b995e]" started-at="2022-02-14T07:47:55Z" name="Verify_the_message" finished-at="2022-02-14T07:48:14Z" duration-ms="18890" status="PASS">
          <reporter-output>
          </reporter-output>
        </test-method> <!-- Verify_the_message -->
        <test-method is-config="true" signature="closebrowser()[pri:0, instance:Regression.Home@545b995e]" started-at="2022-02-14T07:48:14Z" name="closebrowser" finished-at="2022-02-14T07:48:14Z" duration-ms="1" status="PASS">
          <reporter-output>
          </reporter-output>
        </test-method> <!-- closebrowser -->
      </class> <!-- Regression.Home -->
    </test> <!-- Test -->
  </suite> <!-- Suite -->
</testng-results>
