<?xml version="1.0" encoding="UTF-8"?>
<testng-results ignored="0" total="1" passed="1" failed="0" skipped="0">
  <reporter-output>
  </reporter-output>
  <suite started-at="2022-02-07T18:51:23Z" name="Suite" finished-at="2022-02-07T18:51:37Z" duration-ms="13374">
    <groups>
    </groups>
    <test started-at="2022-02-07T18:51:23Z" name="Test" finished-at="2022-02-07T18:51:37Z" duration-ms="13374">
      <class name="Regression.Home">
        <test-method signature="verify_the_message()[pri:0, instance:Regression.Home@7161d8d1]" started-at="2022-02-07T18:51:23Z" name="verify_the_message" finished-at="2022-02-07T18:51:36Z" duration-ms="12666" status="PASS">
          <reporter-output>
          </reporter-output>
        </test-method> <!-- verify_the_message -->
        <test-method is-config="true" signature="closebrowser()[pri:0, instance:Regression.Home@7161d8d1]" started-at="2022-02-07T18:51:36Z" name="closebrowser" finished-at="2022-02-07T18:51:37Z" duration-ms="588" status="PASS">
          <reporter-output>
          </reporter-output>
        </test-method> <!-- closebrowser -->
      </class> <!-- Regression.Home -->
    </test> <!-- Test -->
  </suite> <!-- Suite -->
</testng-results>
